[0m08:37:18.561464 [debug] [MainThread]: Sending event: {'category': 'dbt', 'action': 'invocation', 'label': 'start', 'context': [<snowplow_tracker.self_describing_json.SelfDescribingJson object at 0x106c59250>, <snowplow_tracker.self_describing_json.SelfDescribingJson object at 0x106800d10>, <snowplow_tracker.self_describing_json.SelfDescribingJson object at 0x106c5b350>]}


============================== 08:37:18.563130 | b9cd5938-1431-45b8-bc55-674687acb503 ==============================
[0m08:37:18.563130 [info ] [MainThread]: Running with dbt=1.8.9
[0m08:37:18.563404 [debug] [MainThread]: running dbt with arguments {'printer_width': '80', 'indirect_selection': 'eager', 'write_json': 'True', 'log_cache_events': 'False', 'partial_parse': 'True', 'cache_selected_only': 'False', 'profiles_dir': '/Users/jack.lowery/.dbt', 'fail_fast': 'False', 'debug': 'False', 'log_path': '/Users/jack.lowery/dbt_internal/example_dbt_project/logs', 'warn_error': 'None', 'version_check': 'True', 'use_colors': 'True', 'use_experimental_parser': 'False', 'empty': 'None', 'quiet': 'False', 'no_print': 'None', 'warn_error_options': 'WarnErrorOptions(include=[], exclude=[])', 'static_parser': 'True', 'introspect': 'True', 'log_format': 'default', 'target_path': 'None', 'invocation_command': 'dbt run-operation my_stored_procedure', 'send_anonymous_usage_stats': 'True'}
[0m08:37:19.045314 [debug] [MainThread]: Sending event: {'category': 'dbt', 'action': 'project_id', 'label': 'b9cd5938-1431-45b8-bc55-674687acb503', 'context': [<snowplow_tracker.self_describing_json.SelfDescribingJson object at 0x106cabe50>]}
[0m08:37:19.069009 [debug] [MainThread]: Sending event: {'category': 'dbt', 'action': 'adapter_info', 'label': 'b9cd5938-1431-45b8-bc55-674687acb503', 'context': [<snowplow_tracker.self_describing_json.SelfDescribingJson object at 0x10668d5d0>]}
[0m08:37:19.069432 [info ] [MainThread]: Registered adapter: snowflake=1.8.3
[0m08:37:19.125542 [error] [MainThread]: Encountered an error:
Compilation Error
  dbt found 2 package(s) specified in packages.yml, but only 0 package(s) installed in dbt_packages. Run "dbt deps" to install package dependencies.
[0m08:37:19.126671 [debug] [MainThread]: Resource report: {"command_name": "run-operation", "command_success": false, "command_wall_clock_time": 0.6057063, "process_in_blocks": "0", "process_kernel_time": 2.672593, "process_mem_max_rss": "188940288", "process_out_blocks": "0", "process_user_time": 1.294645}
[0m08:37:19.126902 [debug] [MainThread]: Command `dbt run-operation` failed at 08:37:19.126862 after 0.61 seconds
[0m08:37:19.127077 [debug] [MainThread]: Sending event: {'category': 'dbt', 'action': 'invocation', 'label': 'end', 'context': [<snowplow_tracker.self_describing_json.SelfDescribingJson object at 0x106bfcad0>, <snowplow_tracker.self_describing_json.SelfDescribingJson object at 0x106bf20d0>, <snowplow_tracker.self_describing_json.SelfDescribingJson object at 0x106c0c0d0>]}
[0m08:37:19.127228 [debug] [MainThread]: Flushing usage events
[0m08:37:32.415988 [debug] [MainThread]: Sending event: {'category': 'dbt', 'action': 'invocation', 'label': 'start', 'context': [<snowplow_tracker.self_describing_json.SelfDescribingJson object at 0x107041150>, <snowplow_tracker.self_describing_json.SelfDescribingJson object at 0x107027410>, <snowplow_tracker.self_describing_json.SelfDescribingJson object at 0x10701ba10>]}


============================== 08:37:32.417584 | cdf7e5a0-8917-4c7c-8f12-a30aa348bfa4 ==============================
[0m08:37:32.417584 [info ] [MainThread]: Running with dbt=1.8.9
[0m08:37:32.417845 [debug] [MainThread]: running dbt with arguments {'printer_width': '80', 'indirect_selection': 'eager', 'write_json': 'True', 'log_cache_events': 'False', 'partial_parse': 'True', 'cache_selected_only': 'False', 'profiles_dir': '/Users/jack.lowery/.dbt', 'version_check': 'True', 'fail_fast': 'False', 'log_path': '/Users/jack.lowery/dbt_internal/example_dbt_project/logs', 'debug': 'False', 'warn_error': 'None', 'use_colors': 'True', 'use_experimental_parser': 'False', 'no_print': 'None', 'quiet': 'False', 'empty': 'None', 'log_format': 'default', 'static_parser': 'True', 'introspect': 'True', 'invocation_command': 'dbt deps', 'target_path': 'None', 'warn_error_options': 'WarnErrorOptions(include=[], exclude=[])', 'send_anonymous_usage_stats': 'True'}
[0m08:37:32.470940 [debug] [MainThread]: Sending event: {'category': 'dbt', 'action': 'project_id', 'label': 'cdf7e5a0-8917-4c7c-8f12-a30aa348bfa4', 'context': [<snowplow_tracker.self_describing_json.SelfDescribingJson object at 0x106ca3c50>]}
[0m08:37:32.478798 [debug] [MainThread]: Set downloads directory='/var/folders/wx/8_prd39s5k9044yrq3373d140000gp/T/dbt-downloads-3br45ndp'
[0m08:37:32.479070 [debug] [MainThread]: Making package index registry request: GET https://hub.getdbt.com/api/v1/index.json
[0m08:38:55.900885 [error] [MainThread]: Encountered an error:

[0m08:38:55.911439 [error] [MainThread]: Traceback (most recent call last):
  File "/Library/Frameworks/Python.framework/Versions/3.11/lib/python3.11/site-packages/dbt/cli/requires.py", line 138, in wrapper
    result, success = func(*args, **kwargs)
                      ^^^^^^^^^^^^^^^^^^^^^
  File "/Library/Frameworks/Python.framework/Versions/3.11/lib/python3.11/site-packages/dbt/cli/requires.py", line 101, in wrapper
    return func(*args, **kwargs)
           ^^^^^^^^^^^^^^^^^^^^^
  File "/Library/Frameworks/Python.framework/Versions/3.11/lib/python3.11/site-packages/dbt/cli/requires.py", line 201, in wrapper
    return func(*args, **kwargs)
           ^^^^^^^^^^^^^^^^^^^^^
  File "/Library/Frameworks/Python.framework/Versions/3.11/lib/python3.11/site-packages/dbt/cli/requires.py", line 247, in wrapper
    return func(*args, **kwargs)
           ^^^^^^^^^^^^^^^^^^^^^
  File "/Library/Frameworks/Python.framework/Versions/3.11/lib/python3.11/site-packages/dbt/cli/main.py", line 447, in deps
    results = task.run()
              ^^^^^^^^^^
  File "/Library/Frameworks/Python.framework/Versions/3.11/lib/python3.11/site-packages/dbt/task/deps.py", line 217, in run
    self.lock()
  File "/Library/Frameworks/Python.framework/Versions/3.11/lib/python3.11/site-packages/dbt/task/deps.py", line 194, in lock
    resolved_deps = resolve_packages(packages, self.project, self.cli_vars)
                    ^^^^^^^^^^^^^^^^^^^^^^^^^^^^^^^^^^^^^^^^^^^^^^^^^^^^^^^
  File "/Library/Frameworks/Python.framework/Versions/3.11/lib/python3.11/site-packages/dbt/deps/resolver.py", line 128, in resolve_packages
    target = final[package].resolved().fetch_metadata(project, renderer)
             ^^^^^^^^^^^^^^^^^^^^^^^^^
  File "/Library/Frameworks/Python.framework/Versions/3.11/lib/python3.11/site-packages/dbt/deps/registry.py", line 101, in resolved
    self._check_in_index()
  File "/Library/Frameworks/Python.framework/Versions/3.11/lib/python3.11/site-packages/dbt/deps/registry.py", line 78, in _check_in_index
    index = registry.index_cached()
            ^^^^^^^^^^^^^^^^^^^^^^^
  File "/Library/Frameworks/Python.framework/Versions/3.11/lib/python3.11/site-packages/dbt/utils.py", line 127, in __call__
    value = self.func(*args)
            ^^^^^^^^^^^^^^^^
  File "/Library/Frameworks/Python.framework/Versions/3.11/lib/python3.11/site-packages/dbt/clients/registry.py", line 187, in index
    return connection_exception_retry(get_index_fn, 5)
           ^^^^^^^^^^^^^^^^^^^^^^^^^^^^^^^^^^^^^^^^^^^
  File "/Library/Frameworks/Python.framework/Versions/3.11/lib/python3.11/site-packages/dbt_common/utils/connection.py", line 21, in connection_exception_retry
    return fn()
           ^^^^
  File "/Library/Frameworks/Python.framework/Versions/3.11/lib/python3.11/site-packages/dbt/clients/registry.py", line 166, in _get_index
    resp = requests.get(url, timeout=30)
           ^^^^^^^^^^^^^^^^^^^^^^^^^^^^^
  File "/Library/Frameworks/Python.framework/Versions/3.11/lib/python3.11/site-packages/requests/api.py", line 73, in get
    return request("get", url, params=params, **kwargs)
           ^^^^^^^^^^^^^^^^^^^^^^^^^^^^^^^^^^^^^^^^^^^^
  File "/Library/Frameworks/Python.framework/Versions/3.11/lib/python3.11/site-packages/requests/api.py", line 59, in request
    return session.request(method=method, url=url, **kwargs)
           ^^^^^^^^^^^^^^^^^^^^^^^^^^^^^^^^^^^^^^^^^^^^^^^^^
  File "/Library/Frameworks/Python.framework/Versions/3.11/lib/python3.11/site-packages/requests/sessions.py", line 589, in request
    resp = self.send(prep, **send_kwargs)
           ^^^^^^^^^^^^^^^^^^^^^^^^^^^^^^
  File "/Library/Frameworks/Python.framework/Versions/3.11/lib/python3.11/site-packages/requests/sessions.py", line 703, in send
    r = adapter.send(request, **kwargs)
        ^^^^^^^^^^^^^^^^^^^^^^^^^^^^^^^
  File "/Library/Frameworks/Python.framework/Versions/3.11/lib/python3.11/site-packages/requests/adapters.py", line 486, in send
    resp = conn.urlopen(
           ^^^^^^^^^^^^^
  File "/Library/Frameworks/Python.framework/Versions/3.11/lib/python3.11/site-packages/urllib3/connectionpool.py", line 791, in urlopen
    response = self._make_request(
               ^^^^^^^^^^^^^^^^^^^
  File "/Library/Frameworks/Python.framework/Versions/3.11/lib/python3.11/site-packages/urllib3/connectionpool.py", line 468, in _make_request
    self._validate_conn(conn)
  File "/Library/Frameworks/Python.framework/Versions/3.11/lib/python3.11/site-packages/urllib3/connectionpool.py", line 1097, in _validate_conn
    conn.connect()
  File "/Library/Frameworks/Python.framework/Versions/3.11/lib/python3.11/site-packages/urllib3/connection.py", line 611, in connect
    self.sock = sock = self._new_conn()
                       ^^^^^^^^^^^^^^^^
  File "/Library/Frameworks/Python.framework/Versions/3.11/lib/python3.11/site-packages/urllib3/connection.py", line 203, in _new_conn
    sock = connection.create_connection(
           ^^^^^^^^^^^^^^^^^^^^^^^^^^^^^
  File "/Library/Frameworks/Python.framework/Versions/3.11/lib/python3.11/site-packages/urllib3/util/connection.py", line 73, in create_connection
    sock.connect(sa)
KeyboardInterrupt

[0m08:38:55.914224 [debug] [MainThread]: Resource report: {"command_name": "deps", "command_success": false, "command_wall_clock_time": 83.53632, "process_in_blocks": "0", "process_kernel_time": 0.101507, "process_mem_max_rss": "101711872", "process_out_blocks": "0", "process_user_time": 0.515079}
[0m08:38:55.914808 [debug] [MainThread]: Command `dbt deps` failed at 08:38:55.914720 after 83.54 seconds
[0m08:38:55.915146 [debug] [MainThread]: Sending event: {'category': 'dbt', 'action': 'invocation', 'label': 'end', 'context': [<snowplow_tracker.self_describing_json.SelfDescribingJson object at 0x107024ad0>, <snowplow_tracker.self_describing_json.SelfDescribingJson object at 0x107018910>, <snowplow_tracker.self_describing_json.SelfDescribingJson object at 0x10701b1d0>]}
[0m08:38:55.915468 [debug] [MainThread]: Flushing usage events
[0m08:39:10.297258 [debug] [MainThread]: Sending event: {'category': 'dbt', 'action': 'invocation', 'label': 'start', 'context': [<snowplow_tracker.self_describing_json.SelfDescribingJson object at 0x1060e0790>, <snowplow_tracker.self_describing_json.SelfDescribingJson object at 0x103c01a10>, <snowplow_tracker.self_describing_json.SelfDescribingJson object at 0x106129ed0>]}


============================== 08:39:10.298879 | 0afd04c6-9384-4ec9-aef9-faea88d87f4f ==============================
[0m08:39:10.298879 [info ] [MainThread]: Running with dbt=1.8.9
[0m08:39:10.299150 [debug] [MainThread]: running dbt with arguments {'printer_width': '80', 'indirect_selection': 'eager', 'write_json': 'True', 'log_cache_events': 'False', 'partial_parse': 'True', 'cache_selected_only': 'False', 'warn_error': 'None', 'debug': 'False', 'fail_fast': 'False', 'log_path': '/Users/jack.lowery/dbt_internal/example_dbt_project/logs', 'profiles_dir': '/Users/jack.lowery/.dbt', 'version_check': 'True', 'use_colors': 'True', 'use_experimental_parser': 'False', 'no_print': 'None', 'quiet': 'False', 'empty': 'None', 'warn_error_options': 'WarnErrorOptions(include=[], exclude=[])', 'invocation_command': 'dbt deps', 'static_parser': 'True', 'introspect': 'True', 'target_path': 'None', 'log_format': 'default', 'send_anonymous_usage_stats': 'True'}
[0m08:39:10.355672 [debug] [MainThread]: Sending event: {'category': 'dbt', 'action': 'project_id', 'label': '0afd04c6-9384-4ec9-aef9-faea88d87f4f', 'context': [<snowplow_tracker.self_describing_json.SelfDescribingJson object at 0x1061a2550>]}
[0m08:39:10.361625 [debug] [MainThread]: Set downloads directory='/var/folders/wx/8_prd39s5k9044yrq3373d140000gp/T/dbt-downloads-qhmd6fzb'
[0m08:39:10.361951 [debug] [MainThread]: Making package index registry request: GET https://hub.getdbt.com/api/v1/index.json
[0m08:39:42.302420 [error] [MainThread]: Encountered an error:

[0m08:39:42.311256 [error] [MainThread]: Traceback (most recent call last):
  File "/Library/Frameworks/Python.framework/Versions/3.11/lib/python3.11/site-packages/dbt/cli/requires.py", line 138, in wrapper
    result, success = func(*args, **kwargs)
                      ^^^^^^^^^^^^^^^^^^^^^
  File "/Library/Frameworks/Python.framework/Versions/3.11/lib/python3.11/site-packages/dbt/cli/requires.py", line 101, in wrapper
    return func(*args, **kwargs)
           ^^^^^^^^^^^^^^^^^^^^^
  File "/Library/Frameworks/Python.framework/Versions/3.11/lib/python3.11/site-packages/dbt/cli/requires.py", line 201, in wrapper
    return func(*args, **kwargs)
           ^^^^^^^^^^^^^^^^^^^^^
  File "/Library/Frameworks/Python.framework/Versions/3.11/lib/python3.11/site-packages/dbt/cli/requires.py", line 247, in wrapper
    return func(*args, **kwargs)
           ^^^^^^^^^^^^^^^^^^^^^
  File "/Library/Frameworks/Python.framework/Versions/3.11/lib/python3.11/site-packages/dbt/cli/main.py", line 447, in deps
    results = task.run()
              ^^^^^^^^^^
  File "/Library/Frameworks/Python.framework/Versions/3.11/lib/python3.11/site-packages/dbt/task/deps.py", line 217, in run
    self.lock()
  File "/Library/Frameworks/Python.framework/Versions/3.11/lib/python3.11/site-packages/dbt/task/deps.py", line 194, in lock
    resolved_deps = resolve_packages(packages, self.project, self.cli_vars)
                    ^^^^^^^^^^^^^^^^^^^^^^^^^^^^^^^^^^^^^^^^^^^^^^^^^^^^^^^
  File "/Library/Frameworks/Python.framework/Versions/3.11/lib/python3.11/site-packages/dbt/deps/resolver.py", line 128, in resolve_packages
    target = final[package].resolved().fetch_metadata(project, renderer)
             ^^^^^^^^^^^^^^^^^^^^^^^^^
  File "/Library/Frameworks/Python.framework/Versions/3.11/lib/python3.11/site-packages/dbt/deps/registry.py", line 101, in resolved
    self._check_in_index()
  File "/Library/Frameworks/Python.framework/Versions/3.11/lib/python3.11/site-packages/dbt/deps/registry.py", line 78, in _check_in_index
    index = registry.index_cached()
            ^^^^^^^^^^^^^^^^^^^^^^^
  File "/Library/Frameworks/Python.framework/Versions/3.11/lib/python3.11/site-packages/dbt/utils.py", line 127, in __call__
    value = self.func(*args)
            ^^^^^^^^^^^^^^^^
  File "/Library/Frameworks/Python.framework/Versions/3.11/lib/python3.11/site-packages/dbt/clients/registry.py", line 187, in index
    return connection_exception_retry(get_index_fn, 5)
           ^^^^^^^^^^^^^^^^^^^^^^^^^^^^^^^^^^^^^^^^^^^
  File "/Library/Frameworks/Python.framework/Versions/3.11/lib/python3.11/site-packages/dbt_common/utils/connection.py", line 21, in connection_exception_retry
    return fn()
           ^^^^
  File "/Library/Frameworks/Python.framework/Versions/3.11/lib/python3.11/site-packages/dbt/clients/registry.py", line 166, in _get_index
    resp = requests.get(url, timeout=30)
           ^^^^^^^^^^^^^^^^^^^^^^^^^^^^^
  File "/Library/Frameworks/Python.framework/Versions/3.11/lib/python3.11/site-packages/requests/api.py", line 73, in get
    return request("get", url, params=params, **kwargs)
           ^^^^^^^^^^^^^^^^^^^^^^^^^^^^^^^^^^^^^^^^^^^^
  File "/Library/Frameworks/Python.framework/Versions/3.11/lib/python3.11/site-packages/requests/api.py", line 59, in request
    return session.request(method=method, url=url, **kwargs)
           ^^^^^^^^^^^^^^^^^^^^^^^^^^^^^^^^^^^^^^^^^^^^^^^^^
  File "/Library/Frameworks/Python.framework/Versions/3.11/lib/python3.11/site-packages/requests/sessions.py", line 589, in request
    resp = self.send(prep, **send_kwargs)
           ^^^^^^^^^^^^^^^^^^^^^^^^^^^^^^
  File "/Library/Frameworks/Python.framework/Versions/3.11/lib/python3.11/site-packages/requests/sessions.py", line 703, in send
    r = adapter.send(request, **kwargs)
        ^^^^^^^^^^^^^^^^^^^^^^^^^^^^^^^
  File "/Library/Frameworks/Python.framework/Versions/3.11/lib/python3.11/site-packages/requests/adapters.py", line 486, in send
    resp = conn.urlopen(
           ^^^^^^^^^^^^^
  File "/Library/Frameworks/Python.framework/Versions/3.11/lib/python3.11/site-packages/urllib3/connectionpool.py", line 791, in urlopen
    response = self._make_request(
               ^^^^^^^^^^^^^^^^^^^
  File "/Library/Frameworks/Python.framework/Versions/3.11/lib/python3.11/site-packages/urllib3/connectionpool.py", line 468, in _make_request
    self._validate_conn(conn)
  File "/Library/Frameworks/Python.framework/Versions/3.11/lib/python3.11/site-packages/urllib3/connectionpool.py", line 1097, in _validate_conn
    conn.connect()
  File "/Library/Frameworks/Python.framework/Versions/3.11/lib/python3.11/site-packages/urllib3/connection.py", line 611, in connect
    self.sock = sock = self._new_conn()
                       ^^^^^^^^^^^^^^^^
  File "/Library/Frameworks/Python.framework/Versions/3.11/lib/python3.11/site-packages/urllib3/connection.py", line 203, in _new_conn
    sock = connection.create_connection(
           ^^^^^^^^^^^^^^^^^^^^^^^^^^^^^
  File "/Library/Frameworks/Python.framework/Versions/3.11/lib/python3.11/site-packages/urllib3/util/connection.py", line 73, in create_connection
    sock.connect(sa)
KeyboardInterrupt

[0m08:39:42.315944 [debug] [MainThread]: Resource report: {"command_name": "deps", "command_success": false, "command_wall_clock_time": 32.056908, "process_in_blocks": "0", "process_kernel_time": 0.110085, "process_mem_max_rss": "101826560", "process_out_blocks": "0", "process_user_time": 0.512772}
[0m08:39:42.317019 [debug] [MainThread]: Command `dbt deps` failed at 08:39:42.316887 after 32.06 seconds
[0m08:39:42.317512 [debug] [MainThread]: Sending event: {'category': 'dbt', 'action': 'invocation', 'label': 'end', 'context': [<snowplow_tracker.self_describing_json.SelfDescribingJson object at 0x1060e54d0>, <snowplow_tracker.self_describing_json.SelfDescribingJson object at 0x1060ccc50>, <snowplow_tracker.self_describing_json.SelfDescribingJson object at 0x100f82190>]}
[0m08:39:42.317939 [debug] [MainThread]: Flushing usage events
[0m08:39:52.250194 [debug] [MainThread]: Sending event: {'category': 'dbt', 'action': 'invocation', 'label': 'start', 'context': [<snowplow_tracker.self_describing_json.SelfDescribingJson object at 0x108ac9710>, <snowplow_tracker.self_describing_json.SelfDescribingJson object at 0x108aaf350>, <snowplow_tracker.self_describing_json.SelfDescribingJson object at 0x108b00090>]}


============================== 08:39:52.251938 | 1076aec8-e08d-48bd-871c-76960b0b0075 ==============================
[0m08:39:52.251938 [info ] [MainThread]: Running with dbt=1.8.9
[0m08:39:52.252205 [debug] [MainThread]: running dbt with arguments {'printer_width': '80', 'indirect_selection': 'eager', 'write_json': 'True', 'log_cache_events': 'False', 'partial_parse': 'True', 'cache_selected_only': 'False', 'profiles_dir': '/Users/jack.lowery/.dbt', 'fail_fast': 'False', 'version_check': 'True', 'log_path': '/Users/jack.lowery/dbt_internal/example_dbt_project/logs', 'debug': 'False', 'warn_error': 'None', 'use_colors': 'True', 'use_experimental_parser': 'False', 'no_print': 'None', 'quiet': 'False', 'empty': 'None', 'warn_error_options': 'WarnErrorOptions(include=[], exclude=[])', 'introspect': 'True', 'invocation_command': 'dbt debug', 'static_parser': 'True', 'target_path': 'None', 'log_format': 'default', 'send_anonymous_usage_stats': 'True'}
[0m08:39:52.255978 [info ] [MainThread]: dbt version: 1.8.9
[0m08:39:52.256143 [info ] [MainThread]: python version: 3.11.5
[0m08:39:52.256276 [info ] [MainThread]: python path: /Library/Frameworks/Python.framework/Versions/3.11/bin/python3.11
[0m08:39:52.256399 [info ] [MainThread]: os info: macOS-15.1-arm64-arm-64bit
[0m08:39:52.663732 [info ] [MainThread]: Using profiles dir at /Users/jack.lowery/.dbt
[0m08:39:52.663953 [info ] [MainThread]: Using profiles.yml file at /Users/jack.lowery/.dbt/profiles.yml
[0m08:39:52.664087 [info ] [MainThread]: Using dbt_project.yml file at /Users/jack.lowery/dbt_internal/example_dbt_project/dbt_project.yml
[0m08:39:52.664289 [info ] [MainThread]: adapter type: snowflake
[0m08:39:52.664397 [info ] [MainThread]: adapter version: 1.8.3
[0m08:39:52.701839 [info ] [MainThread]: Configuration:
[0m08:39:52.702094 [info ] [MainThread]:   profiles.yml file [[32mOK found and valid[0m]
[0m08:39:52.702214 [info ] [MainThread]:   dbt_project.yml file [[32mOK found and valid[0m]
[0m08:39:52.702321 [info ] [MainThread]: Required dependencies:
[0m08:39:52.702492 [debug] [MainThread]: Executing "git --help"
[0m08:39:52.723625 [debug] [MainThread]: STDOUT: "b"usage: git [-v | --version] [-h | --help] [-C <path>] [-c <name>=<value>]\n           [--exec-path[=<path>]] [--html-path] [--man-path] [--info-path]\n           [-p | --paginate | -P | --no-pager] [--no-replace-objects] [--bare]\n           [--git-dir=<path>] [--work-tree=<path>] [--namespace=<name>]\n           [--super-prefix=<path>] [--config-env=<name>=<envvar>]\n           <command> [<args>]\n\nThese are common Git commands used in various situations:\n\nstart a working area (see also: git help tutorial)\n   clone     Clone a repository into a new directory\n   init      Create an empty Git repository or reinitialize an existing one\n\nwork on the current change (see also: git help everyday)\n   add       Add file contents to the index\n   mv        Move or rename a file, a directory, or a symlink\n   restore   Restore working tree files\n   rm        Remove files from the working tree and from the index\n\nexamine the history and state (see also: git help revisions)\n   bisect    Use binary search to find the commit that introduced a bug\n   diff      Show changes between commits, commit and working tree, etc\n   grep      Print lines matching a pattern\n   log       Show commit logs\n   show      Show various types of objects\n   status    Show the working tree status\n\ngrow, mark and tweak your common history\n   branch    List, create, or delete branches\n   commit    Record changes to the repository\n   merge     Join two or more development histories together\n   rebase    Reapply commits on top of another base tip\n   reset     Reset current HEAD to the specified state\n   switch    Switch branches\n   tag       Create, list, delete or verify a tag object signed with GPG\n\ncollaborate (see also: git help workflows)\n   fetch     Download objects and refs from another repository\n   pull      Fetch from and integrate with another repository or a local branch\n   push      Update remote refs along with associated objects\n\n'git help -a' and 'git help -g' list available subcommands and some\nconcept guides. See 'git help <command>' or 'git help <concept>'\nto read about a specific subcommand or concept.\nSee 'git help git' for an overview of the system.\n""
[0m08:39:52.724076 [debug] [MainThread]: STDERR: "b''"
[0m08:39:52.724211 [info ] [MainThread]:  - git [[32mOK found[0m]

[0m08:39:52.724357 [info ] [MainThread]: Connection:
[0m08:39:52.724520 [info ] [MainThread]:   account: gq81837-sales_eng_demo
[0m08:39:52.724621 [info ] [MainThread]:   user: jack.lowery@fivetran.com
[0m08:39:52.724728 [info ] [MainThread]:   database: jack_lowery
[0m08:39:52.724822 [info ] [MainThread]:   warehouse: default
[0m08:39:52.724919 [info ] [MainThread]:   role: sales_engineering
[0m08:39:52.725016 [info ] [MainThread]:   schema: dbt_local_dev
[0m08:39:52.725111 [info ] [MainThread]:   authenticator: None
[0m08:39:52.725211 [info ] [MainThread]:   oauth_client_id: None
[0m08:39:52.725299 [info ] [MainThread]:   query_tag: None
[0m08:39:52.725394 [info ] [MainThread]:   client_session_keep_alive: False
[0m08:39:52.725487 [info ] [MainThread]:   host: None
[0m08:39:52.725592 [info ] [MainThread]:   port: None
[0m08:39:52.725691 [info ] [MainThread]:   proxy_host: None
[0m08:39:52.725788 [info ] [MainThread]:   proxy_port: None
[0m08:39:52.725875 [info ] [MainThread]:   protocol: None
[0m08:39:52.725970 [info ] [MainThread]:   connect_retries: 1
[0m08:39:52.726062 [info ] [MainThread]:   connect_timeout: None
[0m08:39:52.726154 [info ] [MainThread]:   retry_on_database_errors: False
[0m08:39:52.726248 [info ] [MainThread]:   retry_all: False
[0m08:39:52.726340 [info ] [MainThread]:   insecure_mode: False
[0m08:39:52.726432 [info ] [MainThread]:   reuse_connections: None
[0m08:39:52.726678 [info ] [MainThread]: Registered adapter: snowflake=1.8.3
[0m08:39:52.774452 [debug] [MainThread]: Acquiring new snowflake connection 'debug'
[0m08:39:52.774861 [debug] [MainThread]: Using snowflake connection "debug"
[0m08:39:52.774965 [debug] [MainThread]: On debug: select 1 as id
[0m08:39:52.775065 [debug] [MainThread]: Opening a new connection, currently in state init
[0m08:39:53.714029 [debug] [MainThread]: SQL status: SUCCESS 1 in 0.939 seconds
[0m08:39:53.716559 [debug] [MainThread]: On debug: Close
[0m08:39:53.859507 [info ] [MainThread]:   Connection test: [[32mOK connection ok[0m]

[0m08:39:53.860518 [info ] [MainThread]: [32mAll checks passed![0m
[0m08:39:53.864933 [debug] [MainThread]: Resource report: {"command_name": "debug", "command_success": true, "command_wall_clock_time": 1.6509137, "process_in_blocks": "0", "process_kernel_time": 2.862499, "process_mem_max_rss": "193986560", "process_out_blocks": "0", "process_user_time": 1.249173}
[0m08:39:53.865773 [debug] [MainThread]: Command `dbt debug` succeeded at 08:39:53.865643 after 1.65 seconds
[0m08:39:53.866260 [debug] [MainThread]: Connection 'debug' was properly closed.
[0m08:39:53.867053 [debug] [MainThread]: Sending event: {'category': 'dbt', 'action': 'invocation', 'label': 'end', 'context': [<snowplow_tracker.self_describing_json.SelfDescribingJson object at 0x10873c650>, <snowplow_tracker.self_describing_json.SelfDescribingJson object at 0x104b7f150>, <snowplow_tracker.self_describing_json.SelfDescribingJson object at 0x108f82810>]}
[0m08:39:53.867753 [debug] [MainThread]: Flushing usage events
[0m08:39:57.269678 [debug] [MainThread]: Sending event: {'category': 'dbt', 'action': 'invocation', 'label': 'start', 'context': [<snowplow_tracker.self_describing_json.SelfDescribingJson object at 0x106df52d0>, <snowplow_tracker.self_describing_json.SelfDescribingJson object at 0x105cb5350>, <snowplow_tracker.self_describing_json.SelfDescribingJson object at 0x106dd3bd0>]}


============================== 08:39:57.271263 | c5f768ac-6fd0-49af-ad17-7beba75c26ac ==============================
[0m08:39:57.271263 [info ] [MainThread]: Running with dbt=1.8.9
[0m08:39:57.271544 [debug] [MainThread]: running dbt with arguments {'printer_width': '80', 'indirect_selection': 'eager', 'log_cache_events': 'False', 'write_json': 'True', 'partial_parse': 'True', 'cache_selected_only': 'False', 'warn_error': 'None', 'debug': 'False', 'fail_fast': 'False', 'log_path': '/Users/jack.lowery/dbt_internal/example_dbt_project/logs', 'version_check': 'True', 'profiles_dir': '/Users/jack.lowery/.dbt', 'use_colors': 'True', 'use_experimental_parser': 'False', 'no_print': 'None', 'quiet': 'False', 'empty': 'None', 'warn_error_options': 'WarnErrorOptions(include=[], exclude=[])', 'static_parser': 'True', 'log_format': 'default', 'invocation_command': 'dbt deps', 'target_path': 'None', 'introspect': 'True', 'send_anonymous_usage_stats': 'True'}
[0m08:39:57.325395 [debug] [MainThread]: Sending event: {'category': 'dbt', 'action': 'project_id', 'label': 'c5f768ac-6fd0-49af-ad17-7beba75c26ac', 'context': [<snowplow_tracker.self_describing_json.SelfDescribingJson object at 0x106de2f90>]}
[0m08:39:57.332261 [debug] [MainThread]: Set downloads directory='/var/folders/wx/8_prd39s5k9044yrq3373d140000gp/T/dbt-downloads-n2xyog0z'
[0m08:39:57.332537 [debug] [MainThread]: Making package index registry request: GET https://hub.getdbt.com/api/v1/index.json
[0m08:42:14.581056 [error] [MainThread]: Encountered an error:

[0m08:42:14.590436 [error] [MainThread]: Traceback (most recent call last):
  File "/Library/Frameworks/Python.framework/Versions/3.11/lib/python3.11/site-packages/dbt/cli/requires.py", line 138, in wrapper
    result, success = func(*args, **kwargs)
                      ^^^^^^^^^^^^^^^^^^^^^
  File "/Library/Frameworks/Python.framework/Versions/3.11/lib/python3.11/site-packages/dbt/cli/requires.py", line 101, in wrapper
    return func(*args, **kwargs)
           ^^^^^^^^^^^^^^^^^^^^^
  File "/Library/Frameworks/Python.framework/Versions/3.11/lib/python3.11/site-packages/dbt/cli/requires.py", line 201, in wrapper
    return func(*args, **kwargs)
           ^^^^^^^^^^^^^^^^^^^^^
  File "/Library/Frameworks/Python.framework/Versions/3.11/lib/python3.11/site-packages/dbt/cli/requires.py", line 247, in wrapper
    return func(*args, **kwargs)
           ^^^^^^^^^^^^^^^^^^^^^
  File "/Library/Frameworks/Python.framework/Versions/3.11/lib/python3.11/site-packages/dbt/cli/main.py", line 447, in deps
    results = task.run()
              ^^^^^^^^^^
  File "/Library/Frameworks/Python.framework/Versions/3.11/lib/python3.11/site-packages/dbt/task/deps.py", line 217, in run
    self.lock()
  File "/Library/Frameworks/Python.framework/Versions/3.11/lib/python3.11/site-packages/dbt/task/deps.py", line 194, in lock
    resolved_deps = resolve_packages(packages, self.project, self.cli_vars)
                    ^^^^^^^^^^^^^^^^^^^^^^^^^^^^^^^^^^^^^^^^^^^^^^^^^^^^^^^
  File "/Library/Frameworks/Python.framework/Versions/3.11/lib/python3.11/site-packages/dbt/deps/resolver.py", line 128, in resolve_packages
    target = final[package].resolved().fetch_metadata(project, renderer)
             ^^^^^^^^^^^^^^^^^^^^^^^^^
  File "/Library/Frameworks/Python.framework/Versions/3.11/lib/python3.11/site-packages/dbt/deps/registry.py", line 101, in resolved
    self._check_in_index()
  File "/Library/Frameworks/Python.framework/Versions/3.11/lib/python3.11/site-packages/dbt/deps/registry.py", line 78, in _check_in_index
    index = registry.index_cached()
            ^^^^^^^^^^^^^^^^^^^^^^^
  File "/Library/Frameworks/Python.framework/Versions/3.11/lib/python3.11/site-packages/dbt/utils.py", line 127, in __call__
    value = self.func(*args)
            ^^^^^^^^^^^^^^^^
  File "/Library/Frameworks/Python.framework/Versions/3.11/lib/python3.11/site-packages/dbt/clients/registry.py", line 187, in index
    return connection_exception_retry(get_index_fn, 5)
           ^^^^^^^^^^^^^^^^^^^^^^^^^^^^^^^^^^^^^^^^^^^
  File "/Library/Frameworks/Python.framework/Versions/3.11/lib/python3.11/site-packages/dbt_common/utils/connection.py", line 21, in connection_exception_retry
    return fn()
           ^^^^
  File "/Library/Frameworks/Python.framework/Versions/3.11/lib/python3.11/site-packages/dbt/clients/registry.py", line 166, in _get_index
    resp = requests.get(url, timeout=30)
           ^^^^^^^^^^^^^^^^^^^^^^^^^^^^^
  File "/Library/Frameworks/Python.framework/Versions/3.11/lib/python3.11/site-packages/requests/api.py", line 73, in get
    return request("get", url, params=params, **kwargs)
           ^^^^^^^^^^^^^^^^^^^^^^^^^^^^^^^^^^^^^^^^^^^^
  File "/Library/Frameworks/Python.framework/Versions/3.11/lib/python3.11/site-packages/requests/api.py", line 59, in request
    return session.request(method=method, url=url, **kwargs)
           ^^^^^^^^^^^^^^^^^^^^^^^^^^^^^^^^^^^^^^^^^^^^^^^^^
  File "/Library/Frameworks/Python.framework/Versions/3.11/lib/python3.11/site-packages/requests/sessions.py", line 589, in request
    resp = self.send(prep, **send_kwargs)
           ^^^^^^^^^^^^^^^^^^^^^^^^^^^^^^
  File "/Library/Frameworks/Python.framework/Versions/3.11/lib/python3.11/site-packages/requests/sessions.py", line 703, in send
    r = adapter.send(request, **kwargs)
        ^^^^^^^^^^^^^^^^^^^^^^^^^^^^^^^
  File "/Library/Frameworks/Python.framework/Versions/3.11/lib/python3.11/site-packages/requests/adapters.py", line 486, in send
    resp = conn.urlopen(
           ^^^^^^^^^^^^^
  File "/Library/Frameworks/Python.framework/Versions/3.11/lib/python3.11/site-packages/urllib3/connectionpool.py", line 791, in urlopen
    response = self._make_request(
               ^^^^^^^^^^^^^^^^^^^
  File "/Library/Frameworks/Python.framework/Versions/3.11/lib/python3.11/site-packages/urllib3/connectionpool.py", line 468, in _make_request
    self._validate_conn(conn)
  File "/Library/Frameworks/Python.framework/Versions/3.11/lib/python3.11/site-packages/urllib3/connectionpool.py", line 1097, in _validate_conn
    conn.connect()
  File "/Library/Frameworks/Python.framework/Versions/3.11/lib/python3.11/site-packages/urllib3/connection.py", line 611, in connect
    self.sock = sock = self._new_conn()
                       ^^^^^^^^^^^^^^^^
  File "/Library/Frameworks/Python.framework/Versions/3.11/lib/python3.11/site-packages/urllib3/connection.py", line 203, in _new_conn
    sock = connection.create_connection(
           ^^^^^^^^^^^^^^^^^^^^^^^^^^^^^
  File "/Library/Frameworks/Python.framework/Versions/3.11/lib/python3.11/site-packages/urllib3/util/connection.py", line 73, in create_connection
    sock.connect(sa)
KeyboardInterrupt

[0m08:42:14.594759 [debug] [MainThread]: Resource report: {"command_name": "deps", "command_success": false, "command_wall_clock_time": 137.36209, "process_in_blocks": "0", "process_kernel_time": 0.103428, "process_mem_max_rss": "101777408", "process_out_blocks": "0", "process_user_time": 0.514454}
[0m08:42:14.595797 [debug] [MainThread]: Command `dbt deps` failed at 08:42:14.595656 after 137.36 seconds
[0m08:42:14.596265 [debug] [MainThread]: Sending event: {'category': 'dbt', 'action': 'invocation', 'label': 'end', 'context': [<snowplow_tracker.self_describing_json.SelfDescribingJson object at 0x106dff910>, <snowplow_tracker.self_describing_json.SelfDescribingJson object at 0x106ddccd0>, <snowplow_tracker.self_describing_json.SelfDescribingJson object at 0x106dd3a90>]}
[0m08:42:14.596664 [debug] [MainThread]: Flushing usage events
[0m08:44:20.694676 [debug] [MainThread]: Sending event: {'category': 'dbt', 'action': 'invocation', 'label': 'start', 'context': [<snowplow_tracker.self_describing_json.SelfDescribingJson object at 0x104fcd0d0>, <snowplow_tracker.self_describing_json.SelfDescribingJson object at 0x104fb03d0>, <snowplow_tracker.self_describing_json.SelfDescribingJson object at 0x104fa8910>]}


============================== 08:44:20.696266 | ff1cbfe9-e1fd-4274-abb0-84549f59e2a2 ==============================
[0m08:44:20.696266 [info ] [MainThread]: Running with dbt=1.8.9
[0m08:44:20.696549 [debug] [MainThread]: running dbt with arguments {'printer_width': '80', 'indirect_selection': 'eager', 'log_cache_events': 'False', 'write_json': 'True', 'partial_parse': 'True', 'cache_selected_only': 'False', 'warn_error': 'None', 'version_check': 'True', 'fail_fast': 'False', 'log_path': '/Users/jack.lowery/dbt_internal/example_dbt_project/logs', 'debug': 'False', 'profiles_dir': '/Users/jack.lowery/.dbt', 'use_colors': 'True', 'use_experimental_parser': 'False', 'no_print': 'None', 'quiet': 'False', 'empty': 'None', 'warn_error_options': 'WarnErrorOptions(include=[], exclude=[])', 'invocation_command': 'dbt run-operation my_stored_procedure', 'static_parser': 'True', 'introspect': 'True', 'target_path': 'None', 'log_format': 'default', 'send_anonymous_usage_stats': 'True'}
[0m08:44:21.137034 [error] [MainThread]: Encountered an error:
object of type 'NoneType' has no len()
[0m08:44:21.138559 [error] [MainThread]: Traceback (most recent call last):
  File "/Library/Frameworks/Python.framework/Versions/3.11/lib/python3.11/site-packages/dbt/cli/requires.py", line 138, in wrapper
    result, success = func(*args, **kwargs)
                      ^^^^^^^^^^^^^^^^^^^^^
  File "/Library/Frameworks/Python.framework/Versions/3.11/lib/python3.11/site-packages/dbt/cli/requires.py", line 101, in wrapper
    return func(*args, **kwargs)
           ^^^^^^^^^^^^^^^^^^^^^
  File "/Library/Frameworks/Python.framework/Versions/3.11/lib/python3.11/site-packages/dbt/cli/requires.py", line 218, in wrapper
    return func(*args, **kwargs)
           ^^^^^^^^^^^^^^^^^^^^^
  File "/Library/Frameworks/Python.framework/Versions/3.11/lib/python3.11/site-packages/dbt/cli/requires.py", line 234, in wrapper
    project = load_project(
              ^^^^^^^^^^^^^
  File "/Library/Frameworks/Python.framework/Versions/3.11/lib/python3.11/site-packages/dbt/config/runtime.py", line 51, in load_project
    project = Project.from_project_root(
              ^^^^^^^^^^^^^^^^^^^^^^^^^^
  File "/Library/Frameworks/Python.framework/Versions/3.11/lib/python3.11/site-packages/dbt/config/project.py", line 765, in from_project_root
    return partial.render(renderer)
           ^^^^^^^^^^^^^^^^^^^^^^^^
  File "/Library/Frameworks/Python.framework/Versions/3.11/lib/python3.11/site-packages/dbt/config/project.py", line 335, in render
    return self.create_project(rendered)
           ^^^^^^^^^^^^^^^^^^^^^^^^^^^^^
  File "/Library/Frameworks/Python.framework/Versions/3.11/lib/python3.11/site-packages/dbt/config/project.py", line 482, in create_project
    packages: PackageConfig = package_config_from_data(
                              ^^^^^^^^^^^^^^^^^^^^^^^^^
  File "/Library/Frameworks/Python.framework/Versions/3.11/lib/python3.11/site-packages/dbt/config/project.py", line 144, in package_config_from_data
    for i in range(0, len(packages_data.get("packages", []))):
                      ^^^^^^^^^^^^^^^^^^^^^^^^^^^^^^^^^^^^^^
TypeError: object of type 'NoneType' has no len()

[0m08:44:21.140671 [debug] [MainThread]: Resource report: {"command_name": "run-operation", "command_success": false, "command_wall_clock_time": 0.48398605, "process_in_blocks": "0", "process_kernel_time": 2.898532, "process_mem_max_rss": "187088896", "process_out_blocks": "0", "process_user_time": 1.07077}
[0m08:44:21.141206 [debug] [MainThread]: Command `dbt run-operation` failed at 08:44:21.141077 after 0.48 seconds
[0m08:44:21.141581 [debug] [MainThread]: Sending event: {'category': 'dbt', 'action': 'invocation', 'label': 'end', 'context': [<snowplow_tracker.self_describing_json.SelfDescribingJson object at 0x104fb0c10>, <snowplow_tracker.self_describing_json.SelfDescribingJson object at 0x10500ec10>, <snowplow_tracker.self_describing_json.SelfDescribingJson object at 0x10500ed90>]}
[0m08:44:21.141789 [debug] [MainThread]: Flushing usage events
[0m08:44:31.737553 [debug] [MainThread]: Sending event: {'category': 'dbt', 'action': 'invocation', 'label': 'start', 'context': [<snowplow_tracker.self_describing_json.SelfDescribingJson object at 0x104d21010>, <snowplow_tracker.self_describing_json.SelfDescribingJson object at 0x103602250>, <snowplow_tracker.self_describing_json.SelfDescribingJson object at 0x104d083d0>]}


============================== 08:44:31.739703 | bfa7a581-654b-48d8-a270-bd5d3917e5df ==============================
[0m08:44:31.739703 [info ] [MainThread]: Running with dbt=1.8.9
[0m08:44:31.740008 [debug] [MainThread]: running dbt with arguments {'printer_width': '80', 'indirect_selection': 'eager', 'write_json': 'True', 'log_cache_events': 'False', 'partial_parse': 'True', 'cache_selected_only': 'False', 'warn_error': 'None', 'debug': 'False', 'profiles_dir': '/Users/jack.lowery/.dbt', 'log_path': '/Users/jack.lowery/dbt_internal/example_dbt_project/logs', 'fail_fast': 'False', 'version_check': 'True', 'use_colors': 'True', 'use_experimental_parser': 'False', 'no_print': 'None', 'quiet': 'False', 'empty': 'None', 'log_format': 'default', 'introspect': 'True', 'static_parser': 'True', 'invocation_command': 'dbt deps', 'target_path': 'None', 'warn_error_options': 'WarnErrorOptions(include=[], exclude=[])', 'send_anonymous_usage_stats': 'True'}
[0m08:44:31.799865 [debug] [MainThread]: Sending event: {'category': 'dbt', 'action': 'project_id', 'label': 'bfa7a581-654b-48d8-a270-bd5d3917e5df', 'context': [<snowplow_tracker.self_describing_json.SelfDescribingJson object at 0x104e21750>]}
[0m08:44:31.806109 [debug] [MainThread]: Set downloads directory='/var/folders/wx/8_prd39s5k9044yrq3373d140000gp/T/dbt-downloads-_x6phuiw'
[0m08:44:31.806382 [debug] [MainThread]: Making package index registry request: GET https://hub.getdbt.com/api/v1/index.json
[0m08:51:48.688246 [debug] [MainThread]: Sending event: {'category': 'dbt', 'action': 'invocation', 'label': 'start', 'context': [<snowplow_tracker.self_describing_json.SelfDescribingJson object at 0x104d2cb90>, <snowplow_tracker.self_describing_json.SelfDescribingJson object at 0x104d2c210>, <snowplow_tracker.self_describing_json.SelfDescribingJson object at 0x104d07150>]}


============================== 08:51:48.692063 | c81f9648-ebf5-4599-98dd-6feedc09f510 ==============================
[0m08:51:48.692063 [info ] [MainThread]: Running with dbt=1.8.9
[0m08:51:48.692544 [debug] [MainThread]: running dbt with arguments {'printer_width': '80', 'indirect_selection': 'eager', 'write_json': 'True', 'log_cache_events': 'False', 'partial_parse': 'True', 'cache_selected_only': 'False', 'warn_error': 'None', 'fail_fast': 'False', 'version_check': 'True', 'log_path': '/Users/jack.lowery/dbt_internal/example_dbt_project/logs', 'profiles_dir': '/Users/jack.lowery/.dbt', 'debug': 'False', 'use_colors': 'True', 'use_experimental_parser': 'False', 'no_print': 'None', 'quiet': 'False', 'empty': 'None', 'log_format': 'default', 'static_parser': 'True', 'warn_error_options': 'WarnErrorOptions(include=[], exclude=[])', 'invocation_command': 'dbt debug', 'target_path': 'None', 'introspect': 'True', 'send_anonymous_usage_stats': 'True'}
[0m08:51:48.704490 [info ] [MainThread]: dbt version: 1.8.9
[0m08:51:48.704825 [info ] [MainThread]: python version: 3.11.5
[0m08:51:48.705006 [info ] [MainThread]: python path: /Library/Frameworks/Python.framework/Versions/3.11/bin/python3.11
[0m08:51:48.705157 [info ] [MainThread]: os info: macOS-15.1-arm64-arm-64bit
[0m08:51:51.277022 [info ] [MainThread]: Using profiles dir at /Users/jack.lowery/.dbt
[0m08:51:51.277257 [info ] [MainThread]: Using profiles.yml file at /Users/jack.lowery/.dbt/profiles.yml
[0m08:51:51.277394 [info ] [MainThread]: Using dbt_project.yml file at /Users/jack.lowery/dbt_internal/example_dbt_project/dbt_project.yml
[0m08:51:51.277782 [info ] [MainThread]: adapter type: snowflake
[0m08:51:51.277933 [info ] [MainThread]: adapter version: 1.8.3
[0m08:51:51.314980 [info ] [MainThread]: Configuration:
[0m08:51:51.315225 [info ] [MainThread]:   profiles.yml file [[32mOK found and valid[0m]
[0m08:51:51.315359 [info ] [MainThread]:   dbt_project.yml file [[32mOK found and valid[0m]
[0m08:51:51.315469 [info ] [MainThread]: Required dependencies:
[0m08:51:51.315638 [debug] [MainThread]: Executing "git --help"
[0m08:51:51.337478 [debug] [MainThread]: STDOUT: "b"usage: git [-v | --version] [-h | --help] [-C <path>] [-c <name>=<value>]\n           [--exec-path[=<path>]] [--html-path] [--man-path] [--info-path]\n           [-p | --paginate | -P | --no-pager] [--no-replace-objects] [--bare]\n           [--git-dir=<path>] [--work-tree=<path>] [--namespace=<name>]\n           [--super-prefix=<path>] [--config-env=<name>=<envvar>]\n           <command> [<args>]\n\nThese are common Git commands used in various situations:\n\nstart a working area (see also: git help tutorial)\n   clone     Clone a repository into a new directory\n   init      Create an empty Git repository or reinitialize an existing one\n\nwork on the current change (see also: git help everyday)\n   add       Add file contents to the index\n   mv        Move or rename a file, a directory, or a symlink\n   restore   Restore working tree files\n   rm        Remove files from the working tree and from the index\n\nexamine the history and state (see also: git help revisions)\n   bisect    Use binary search to find the commit that introduced a bug\n   diff      Show changes between commits, commit and working tree, etc\n   grep      Print lines matching a pattern\n   log       Show commit logs\n   show      Show various types of objects\n   status    Show the working tree status\n\ngrow, mark and tweak your common history\n   branch    List, create, or delete branches\n   commit    Record changes to the repository\n   merge     Join two or more development histories together\n   rebase    Reapply commits on top of another base tip\n   reset     Reset current HEAD to the specified state\n   switch    Switch branches\n   tag       Create, list, delete or verify a tag object signed with GPG\n\ncollaborate (see also: git help workflows)\n   fetch     Download objects and refs from another repository\n   pull      Fetch from and integrate with another repository or a local branch\n   push      Update remote refs along with associated objects\n\n'git help -a' and 'git help -g' list available subcommands and some\nconcept guides. See 'git help <command>' or 'git help <concept>'\nto read about a specific subcommand or concept.\nSee 'git help git' for an overview of the system.\n""
[0m08:51:51.337913 [debug] [MainThread]: STDERR: "b''"
[0m08:51:51.338058 [info ] [MainThread]:  - git [[32mOK found[0m]

[0m08:51:51.338201 [info ] [MainThread]: Connection:
[0m08:51:51.338353 [info ] [MainThread]:   account: gq81837-sales_eng_demo
[0m08:51:51.338457 [info ] [MainThread]:   user: jack.lowery@fivetran.com
[0m08:51:51.338563 [info ] [MainThread]:   database: jack_lowery
[0m08:51:51.338666 [info ] [MainThread]:   warehouse: default
[0m08:51:51.338766 [info ] [MainThread]:   role: sales_engineering
[0m08:51:51.338872 [info ] [MainThread]:   schema: dbt_local_dev
[0m08:51:51.338974 [info ] [MainThread]:   authenticator: None
[0m08:51:51.339077 [info ] [MainThread]:   oauth_client_id: None
[0m08:51:51.339173 [info ] [MainThread]:   query_tag: None
[0m08:51:51.339270 [info ] [MainThread]:   client_session_keep_alive: False
[0m08:51:51.339368 [info ] [MainThread]:   host: None
[0m08:51:51.339470 [info ] [MainThread]:   port: None
[0m08:51:51.339574 [info ] [MainThread]:   proxy_host: None
[0m08:51:51.339676 [info ] [MainThread]:   proxy_port: None
[0m08:51:51.339770 [info ] [MainThread]:   protocol: None
[0m08:51:51.339865 [info ] [MainThread]:   connect_retries: 1
[0m08:51:51.339959 [info ] [MainThread]:   connect_timeout: None
[0m08:51:51.340053 [info ] [MainThread]:   retry_on_database_errors: False
[0m08:51:51.340150 [info ] [MainThread]:   retry_all: False
[0m08:51:51.340240 [info ] [MainThread]:   insecure_mode: False
[0m08:51:51.340334 [info ] [MainThread]:   reuse_connections: None
[0m08:51:51.340592 [info ] [MainThread]: Registered adapter: snowflake=1.8.3
[0m08:51:51.420581 [debug] [MainThread]: Acquiring new snowflake connection 'debug'
[0m08:51:51.421045 [debug] [MainThread]: Using snowflake connection "debug"
[0m08:51:51.421155 [debug] [MainThread]: On debug: select 1 as id
[0m08:51:51.421255 [debug] [MainThread]: Opening a new connection, currently in state init
[0m08:51:52.406600 [debug] [MainThread]: SQL status: SUCCESS 1 in 0.985 seconds
[0m08:51:52.409481 [debug] [MainThread]: On debug: Close
[0m08:51:52.518421 [info ] [MainThread]:   Connection test: [[32mOK connection ok[0m]

[0m08:51:52.519628 [info ] [MainThread]: [32mAll checks passed![0m
[0m08:51:52.560622 [debug] [MainThread]: Resource report: {"command_name": "debug", "command_success": true, "command_wall_clock_time": 4.016433, "process_in_blocks": "0", "process_kernel_time": 2.764973, "process_mem_max_rss": "191266816", "process_out_blocks": "0", "process_user_time": 1.665831}
[0m08:51:52.561410 [debug] [MainThread]: Command `dbt debug` succeeded at 08:51:52.561285 after 4.02 seconds
[0m08:51:52.561772 [debug] [MainThread]: Connection 'debug' was properly closed.
[0m08:51:52.562132 [debug] [MainThread]: Sending event: {'category': 'dbt', 'action': 'invocation', 'label': 'end', 'context': [<snowplow_tracker.self_describing_json.SelfDescribingJson object at 0x1048b0550>, <snowplow_tracker.self_describing_json.SelfDescribingJson object at 0x100de31d0>, <snowplow_tracker.self_describing_json.SelfDescribingJson object at 0x104d07150>]}
[0m08:51:52.562530 [debug] [MainThread]: Flushing usage events
[0m08:51:55.997533 [debug] [MainThread]: Sending event: {'category': 'dbt', 'action': 'invocation', 'label': 'start', 'context': [<snowplow_tracker.self_describing_json.SelfDescribingJson object at 0x1068a5450>, <snowplow_tracker.self_describing_json.SelfDescribingJson object at 0x1068dc6d0>, <snowplow_tracker.self_describing_json.SelfDescribingJson object at 0x10687fb90>]}


============================== 08:51:55.999333 | e750ac68-a827-4e4a-a7fb-bd1b25d8d503 ==============================
[0m08:51:55.999333 [info ] [MainThread]: Running with dbt=1.8.9
[0m08:51:55.999606 [debug] [MainThread]: running dbt with arguments {'printer_width': '80', 'indirect_selection': 'eager', 'write_json': 'True', 'log_cache_events': 'False', 'partial_parse': 'True', 'cache_selected_only': 'False', 'profiles_dir': '/Users/jack.lowery/.dbt', 'debug': 'False', 'version_check': 'True', 'log_path': '/Users/jack.lowery/dbt_internal/example_dbt_project/logs', 'warn_error': 'None', 'fail_fast': 'False', 'use_colors': 'True', 'use_experimental_parser': 'False', 'empty': 'None', 'quiet': 'False', 'no_print': 'None', 'log_format': 'default', 'invocation_command': 'dbt deps', 'introspect': 'True', 'static_parser': 'True', 'target_path': 'None', 'warn_error_options': 'WarnErrorOptions(include=[], exclude=[])', 'send_anonymous_usage_stats': 'True'}
[0m08:51:56.076039 [debug] [MainThread]: Sending event: {'category': 'dbt', 'action': 'project_id', 'label': 'e750ac68-a827-4e4a-a7fb-bd1b25d8d503', 'context': [<snowplow_tracker.self_describing_json.SelfDescribingJson object at 0x106985790>]}
[0m08:51:56.083095 [debug] [MainThread]: Set downloads directory='/var/folders/wx/8_prd39s5k9044yrq3373d140000gp/T/dbt-downloads-cq8dzj1i'
[0m08:51:56.083375 [debug] [MainThread]: Making package index registry request: GET https://hub.getdbt.com/api/v1/index.json
[0m08:51:56.319626 [debug] [MainThread]: Response from registry index: GET https://hub.getdbt.com/api/v1/index.json 200
[0m08:51:56.321478 [debug] [MainThread]: Making package registry request: GET https://hub.getdbt.com/api/v1/dbt-labs/dbt_utils.json
[0m08:51:56.414705 [debug] [MainThread]: Response from registry: GET https://hub.getdbt.com/api/v1/dbt-labs/dbt_utils.json 200
[0m08:51:56.420874 [debug] [MainThread]: Making package registry request: GET https://hub.getdbt.com/api/v1/dbt-labs/codegen.json
[0m08:51:56.498440 [debug] [MainThread]: Response from registry: GET https://hub.getdbt.com/api/v1/dbt-labs/codegen.json 200
[0m08:51:56.506290 [info ] [MainThread]: Updating lock file in file path: /Users/jack.lowery/dbt_internal/example_dbt_project/package-lock.yml
[0m08:51:56.507550 [debug] [MainThread]: Set downloads directory='/var/folders/wx/8_prd39s5k9044yrq3373d140000gp/T/dbt-downloads-wa68rw76'
[0m08:51:56.509851 [info ] [MainThread]: Installing dbt-labs/dbt_utils
[0m08:51:56.943775 [info ] [MainThread]: Installed from version 1.3.0
[0m08:51:56.943995 [info ] [MainThread]: Up to date!
[0m08:51:56.944162 [debug] [MainThread]: Sending event: {'category': 'dbt', 'action': 'package', 'label': 'e750ac68-a827-4e4a-a7fb-bd1b25d8d503', 'property_': 'install', 'context': [<snowplow_tracker.self_describing_json.SelfDescribingJson object at 0x106518090>, <snowplow_tracker.self_describing_json.SelfDescribingJson object at 0x106939b50>]}
[0m08:51:56.944334 [info ] [MainThread]: Installing dbt-labs/codegen
[0m08:51:57.347518 [info ] [MainThread]: Installed from version 0.13.1
[0m08:51:57.347833 [info ] [MainThread]: Up to date!
[0m08:51:57.348068 [debug] [MainThread]: Sending event: {'category': 'dbt', 'action': 'package', 'label': 'e750ac68-a827-4e4a-a7fb-bd1b25d8d503', 'property_': 'install', 'context': [<snowplow_tracker.self_describing_json.SelfDescribingJson object at 0x105555290>, <snowplow_tracker.self_describing_json.SelfDescribingJson object at 0x1068f0ad0>]}
[0m08:51:57.350257 [debug] [MainThread]: Resource report: {"command_name": "deps", "command_success": true, "command_wall_clock_time": 1.392346, "process_in_blocks": "0", "process_kernel_time": 0.182806, "process_mem_max_rss": "106758144", "process_out_blocks": "0", "process_user_time": 0.698122}
[0m08:51:57.350590 [debug] [MainThread]: Command `dbt deps` succeeded at 08:51:57.350532 after 1.39 seconds
[0m08:51:57.350807 [debug] [MainThread]: Sending event: {'category': 'dbt', 'action': 'invocation', 'label': 'end', 'context': [<snowplow_tracker.self_describing_json.SelfDescribingJson object at 0x10295b1d0>, <snowplow_tracker.self_describing_json.SelfDescribingJson object at 0x106518650>, <snowplow_tracker.self_describing_json.SelfDescribingJson object at 0x106518110>]}
[0m08:51:57.351004 [debug] [MainThread]: Flushing usage events
[0m08:52:10.956198 [debug] [MainThread]: Sending event: {'category': 'dbt', 'action': 'invocation', 'label': 'start', 'context': [<snowplow_tracker.self_describing_json.SelfDescribingJson object at 0x1091fd910>, <snowplow_tracker.self_describing_json.SelfDescribingJson object at 0x109234790>, <snowplow_tracker.self_describing_json.SelfDescribingJson object at 0x1091e1790>]}


============================== 08:52:10.957874 | 2ecdf4ac-5d9e-48d6-8605-ded0d8e7cf7d ==============================
[0m08:52:10.957874 [info ] [MainThread]: Running with dbt=1.8.9
[0m08:52:10.958150 [debug] [MainThread]: running dbt with arguments {'printer_width': '80', 'indirect_selection': 'eager', 'write_json': 'True', 'log_cache_events': 'False', 'partial_parse': 'True', 'cache_selected_only': 'False', 'warn_error': 'None', 'version_check': 'True', 'fail_fast': 'False', 'log_path': '/Users/jack.lowery/dbt_internal/example_dbt_project/logs', 'profiles_dir': '/Users/jack.lowery/.dbt', 'debug': 'False', 'use_colors': 'True', 'use_experimental_parser': 'False', 'no_print': 'None', 'quiet': 'False', 'empty': 'None', 'warn_error_options': 'WarnErrorOptions(include=[], exclude=[])', 'introspect': 'True', 'log_format': 'default', 'static_parser': 'True', 'target_path': 'None', 'invocation_command': 'dbt run-operation my_stored_procedure', 'send_anonymous_usage_stats': 'True'}
[0m08:52:11.429684 [debug] [MainThread]: Sending event: {'category': 'dbt', 'action': 'project_id', 'label': '2ecdf4ac-5d9e-48d6-8605-ded0d8e7cf7d', 'context': [<snowplow_tracker.self_describing_json.SelfDescribingJson object at 0x108598450>]}
[0m08:52:11.458466 [debug] [MainThread]: Sending event: {'category': 'dbt', 'action': 'adapter_info', 'label': '2ecdf4ac-5d9e-48d6-8605-ded0d8e7cf7d', 'context': [<snowplow_tracker.self_describing_json.SelfDescribingJson object at 0x108295910>]}
[0m08:52:11.458927 [info ] [MainThread]: Registered adapter: snowflake=1.8.3
[0m08:52:11.519946 [debug] [MainThread]: checksum: 132857a23e9d07220246854f7763165174ce9b737cfc7867629ace4294e520b1, vars: {}, profile: , target: , version: 1.8.9
[0m08:52:11.520409 [info ] [MainThread]: Unable to do partial parsing because saved manifest not found. Starting full parse.
[0m08:52:11.520581 [debug] [MainThread]: Sending event: {'category': 'dbt', 'action': 'partial_parser', 'label': '2ecdf4ac-5d9e-48d6-8605-ded0d8e7cf7d', 'context': [<snowplow_tracker.self_describing_json.SelfDescribingJson object at 0x10928d8d0>]}
[0m08:52:11.549804 [error] [MainThread]: Encountered an error:
Compilation Error
  unexpected ','
    line 11
      {{ log('About to execute this statement ' ~ call_stored_procedure ~ , info=True) }}
[0m08:52:11.550876 [debug] [MainThread]: Resource report: {"command_name": "run-operation", "command_success": false, "command_wall_clock_time": 0.6325441, "process_in_blocks": "0", "process_kernel_time": 2.823463, "process_mem_max_rss": "186712064", "process_out_blocks": "0", "process_user_time": 1.21416}
[0m08:52:11.551099 [debug] [MainThread]: Command `dbt run-operation` failed at 08:52:11.551060 after 0.63 seconds
[0m08:52:11.551256 [debug] [MainThread]: Sending event: {'category': 'dbt', 'action': 'invocation', 'label': 'end', 'context': [<snowplow_tracker.self_describing_json.SelfDescribingJson object at 0x1091e0bd0>, <snowplow_tracker.self_describing_json.SelfDescribingJson object at 0x14ec65650>, <snowplow_tracker.self_describing_json.SelfDescribingJson object at 0x14ec7d950>]}
[0m08:52:11.551394 [debug] [MainThread]: Flushing usage events
[0m08:53:03.312482 [debug] [MainThread]: Sending event: {'category': 'dbt', 'action': 'invocation', 'label': 'start', 'context': [<snowplow_tracker.self_describing_json.SelfDescribingJson object at 0x10850cd10>, <snowplow_tracker.self_describing_json.SelfDescribingJson object at 0x108544610>, <snowplow_tracker.self_describing_json.SelfDescribingJson object at 0x10798c210>]}


============================== 08:53:03.314174 | 160d9b6c-7701-4500-bb7c-28bcf703f22b ==============================
[0m08:53:03.314174 [info ] [MainThread]: Running with dbt=1.8.9
[0m08:53:03.314437 [debug] [MainThread]: running dbt with arguments {'printer_width': '80', 'indirect_selection': 'eager', 'write_json': 'True', 'log_cache_events': 'False', 'partial_parse': 'True', 'cache_selected_only': 'False', 'warn_error': 'None', 'fail_fast': 'False', 'version_check': 'True', 'log_path': '/Users/jack.lowery/dbt_internal/example_dbt_project/logs', 'debug': 'False', 'profiles_dir': '/Users/jack.lowery/.dbt', 'use_colors': 'True', 'use_experimental_parser': 'False', 'empty': 'None', 'quiet': 'False', 'no_print': 'None', 'warn_error_options': 'WarnErrorOptions(include=[], exclude=[])', 'introspect': 'True', 'static_parser': 'True', 'log_format': 'default', 'target_path': 'None', 'invocation_command': 'dbt run-operation my_stored_procedure', 'send_anonymous_usage_stats': 'True'}
[0m08:53:03.794678 [debug] [MainThread]: Sending event: {'category': 'dbt', 'action': 'project_id', 'label': '160d9b6c-7701-4500-bb7c-28bcf703f22b', 'context': [<snowplow_tracker.self_describing_json.SelfDescribingJson object at 0x12c687590>]}
[0m08:53:03.819235 [debug] [MainThread]: Sending event: {'category': 'dbt', 'action': 'adapter_info', 'label': '160d9b6c-7701-4500-bb7c-28bcf703f22b', 'context': [<snowplow_tracker.self_describing_json.SelfDescribingJson object at 0x107f7d790>]}
[0m08:53:03.819691 [info ] [MainThread]: Registered adapter: snowflake=1.8.3
[0m08:53:03.881501 [debug] [MainThread]: checksum: 132857a23e9d07220246854f7763165174ce9b737cfc7867629ace4294e520b1, vars: {}, profile: , target: , version: 1.8.9
[0m08:53:03.881916 [info ] [MainThread]: Unable to do partial parsing because saved manifest not found. Starting full parse.
[0m08:53:03.882096 [debug] [MainThread]: Sending event: {'category': 'dbt', 'action': 'partial_parser', 'label': '160d9b6c-7701-4500-bb7c-28bcf703f22b', 'context': [<snowplow_tracker.self_describing_json.SelfDescribingJson object at 0x1475e0710>]}
[0m08:53:03.897046 [error] [MainThread]: Encountered an error:
Compilation Error
  unexpected '~'
    line 11
      {{ log('About to execute this statement ', ~ call_stored_procedure, info=True) }}
[0m08:53:03.898143 [debug] [MainThread]: Resource report: {"command_name": "run-operation", "command_success": false, "command_wall_clock_time": 0.6225228, "process_in_blocks": "0", "process_kernel_time": 2.530749, "process_mem_max_rss": "188186624", "process_out_blocks": "0", "process_user_time": 1.351941}
[0m08:53:03.898374 [debug] [MainThread]: Command `dbt run-operation` failed at 08:53:03.898333 after 0.62 seconds
[0m08:53:03.898526 [debug] [MainThread]: Sending event: {'category': 'dbt', 'action': 'invocation', 'label': 'end', 'context': [<snowplow_tracker.self_describing_json.SelfDescribingJson object at 0x1084f0bd0>, <snowplow_tracker.self_describing_json.SelfDescribingJson object at 0x1084f2410>, <snowplow_tracker.self_describing_json.SelfDescribingJson object at 0x147764e90>]}
[0m08:53:03.898667 [debug] [MainThread]: Flushing usage events
[0m08:53:50.387342 [debug] [MainThread]: Sending event: {'category': 'dbt', 'action': 'invocation', 'label': 'start', 'context': [<snowplow_tracker.self_describing_json.SelfDescribingJson object at 0x107c297d0>, <snowplow_tracker.self_describing_json.SelfDescribingJson object at 0x107c08dd0>, <snowplow_tracker.self_describing_json.SelfDescribingJson object at 0x107c0aa50>]}


============================== 08:53:50.389036 | f0c79630-c563-41d4-b3ad-0a8dadc92ce9 ==============================
[0m08:53:50.389036 [info ] [MainThread]: Running with dbt=1.8.9
[0m08:53:50.389316 [debug] [MainThread]: running dbt with arguments {'printer_width': '80', 'indirect_selection': 'eager', 'write_json': 'True', 'log_cache_events': 'False', 'partial_parse': 'True', 'cache_selected_only': 'False', 'profiles_dir': '/Users/jack.lowery/.dbt', 'version_check': 'True', 'warn_error': 'None', 'log_path': '/Users/jack.lowery/dbt_internal/example_dbt_project/logs', 'debug': 'False', 'fail_fast': 'False', 'use_colors': 'True', 'use_experimental_parser': 'False', 'no_print': 'None', 'quiet': 'False', 'empty': 'None', 'warn_error_options': 'WarnErrorOptions(include=[], exclude=[])', 'static_parser': 'True', 'introspect': 'True', 'log_format': 'default', 'target_path': 'None', 'invocation_command': 'dbt run-operation my_stored_procedure', 'send_anonymous_usage_stats': 'True'}
[0m08:53:50.867580 [debug] [MainThread]: Sending event: {'category': 'dbt', 'action': 'project_id', 'label': 'f0c79630-c563-41d4-b3ad-0a8dadc92ce9', 'context': [<snowplow_tracker.self_describing_json.SelfDescribingJson object at 0x1119b6290>]}
[0m08:53:50.892969 [debug] [MainThread]: Sending event: {'category': 'dbt', 'action': 'adapter_info', 'label': 'f0c79630-c563-41d4-b3ad-0a8dadc92ce9', 'context': [<snowplow_tracker.self_describing_json.SelfDescribingJson object at 0x105b5e510>]}
[0m08:53:50.893379 [info ] [MainThread]: Registered adapter: snowflake=1.8.3
[0m08:53:50.952094 [debug] [MainThread]: checksum: 132857a23e9d07220246854f7763165174ce9b737cfc7867629ace4294e520b1, vars: {}, profile: , target: , version: 1.8.9
[0m08:53:50.952563 [info ] [MainThread]: Unable to do partial parsing because saved manifest not found. Starting full parse.
[0m08:53:50.952736 [debug] [MainThread]: Sending event: {'category': 'dbt', 'action': 'partial_parser', 'label': 'f0c79630-c563-41d4-b3ad-0a8dadc92ce9', 'context': [<snowplow_tracker.self_describing_json.SelfDescribingJson object at 0x107cb09d0>]}
[0m08:53:51.327940 [warn ] [MainThread]: [[33mWARNING[0m]: Configuration paths exist in your dbt_project.yml file which do not apply to any resources.
There are 1 unused configuration paths:
- models
[0m08:53:51.330083 [debug] [MainThread]: Sending event: {'category': 'dbt', 'action': 'load_project', 'label': 'f0c79630-c563-41d4-b3ad-0a8dadc92ce9', 'context': [<snowplow_tracker.self_describing_json.SelfDescribingJson object at 0x105b79b50>]}
[0m08:53:51.351274 [debug] [MainThread]: Sending event: {'category': 'dbt', 'action': 'resource_counts', 'label': 'f0c79630-c563-41d4-b3ad-0a8dadc92ce9', 'context': [<snowplow_tracker.self_describing_json.SelfDescribingJson object at 0x14dbd0f50>]}
[0m08:53:51.351492 [info ] [MainThread]: Found 598 macros
[0m08:53:51.351624 [debug] [MainThread]: Sending event: {'category': 'dbt', 'action': 'runnable_timing', 'label': 'f0c79630-c563-41d4-b3ad-0a8dadc92ce9', 'context': [<snowplow_tracker.self_describing_json.SelfDescribingJson object at 0x10667e810>]}
[0m08:53:51.351851 [debug] [MainThread]: Acquiring new snowflake connection 'macro_my_stored_procedure'
[0m08:53:51.354326 [info ] [MainThread]: About to execute this statement 

        use schema stored_procedure_outputs;
        call lowery_simple_sproc();

    
[0m08:53:51.354460 [info ] [MainThread]: Calling procedure from dbt..
[0m08:53:51.357023 [debug] [MainThread]: Using snowflake connection "macro_my_stored_procedure"
[0m08:53:51.357149 [debug] [MainThread]: On macro_my_stored_procedure: /* {"app": "dbt", "dbt_version": "1.8.9", "profile_name": "dbt_production", "target_name": "prod", "connection_name": "macro_my_stored_procedure"} */
use schema stored_procedure_outputs;
[0m08:53:51.357365 [debug] [MainThread]: Opening a new connection, currently in state init
[0m08:53:51.909311 [debug] [MainThread]: SQL status: SUCCESS 1 in 0.552 seconds
[0m08:53:51.910652 [debug] [MainThread]: Using snowflake connection "macro_my_stored_procedure"
[0m08:53:51.911261 [debug] [MainThread]: On macro_my_stored_procedure: /* {"app": "dbt", "dbt_version": "1.8.9", "profile_name": "dbt_production", "target_name": "prod", "connection_name": "macro_my_stored_procedure"} */
call lowery_simple_sproc();
[0m08:55:33.703933 [debug] [MainThread]: SQL status: SUCCESS 1 in 101.790 seconds
[0m08:55:33.708375 [info ] [MainThread]: Query ran successfully, here are the results: 
[0m08:55:33.709077 [debug] [MainThread]: On macro_my_stored_procedure: Close
[0m08:55:33.818631 [debug] [MainThread]: Resource report: {"command_name": "run-operation", "command_success": true, "command_wall_clock_time": 103.467834, "process_in_blocks": "0", "process_kernel_time": 2.694039, "process_mem_max_rss": "196100096", "process_out_blocks": "0", "process_user_time": 1.750822}
[0m08:55:33.819233 [debug] [MainThread]: Command `dbt run-operation` succeeded at 08:55:33.819140 after 103.47 seconds
[0m08:55:33.819521 [debug] [MainThread]: Connection 'macro_my_stored_procedure' was properly closed.
[0m08:55:33.819811 [debug] [MainThread]: Sending event: {'category': 'dbt', 'action': 'invocation', 'label': 'end', 'context': [<snowplow_tracker.self_describing_json.SelfDescribingJson object at 0x14dbd1410>, <snowplow_tracker.self_describing_json.SelfDescribingJson object at 0x102d8b1d0>, <snowplow_tracker.self_describing_json.SelfDescribingJson object at 0x14d701290>]}
[0m08:55:33.820146 [debug] [MainThread]: Flushing usage events
